Traceback (most recent call last):
  File "D:\6.IDE\Miniconda\lib\site-packages\jupyter_core\utils\__init__.py", line 154, in wrapped
    asyncio.get_running_loop()
RuntimeError: no running event loop

During handling of the above exception, another exception occurred:

Traceback (most recent call last):
  File "D:\6.IDE\Miniconda\lib\site-packages\jupyter_cache\executors\utils.py", line 58, in single_nb_execution
    executenb(
  File "D:\6.IDE\Miniconda\lib\site-packages\nbclient\client.py", line 1319, in execute
    return NotebookClient(nb=nb, resources=resources, km=km, **kwargs).execute()
  File "D:\6.IDE\Miniconda\lib\site-packages\jupyter_core\utils\__init__.py", line 158, in wrapped
    return loop.run_until_complete(inner)
  File "D:\6.IDE\Miniconda\lib\asyncio\base_events.py", line 649, in run_until_complete
    return future.result()
  File "D:\6.IDE\Miniconda\lib\site-packages\nbclient\client.py", line 709, in async_execute
    await self.async_execute_cell(
  File "D:\6.IDE\Miniconda\lib\site-packages\nbclient\client.py", line 1062, in async_execute_cell
    await self._check_raise_for_error(cell, cell_index, exec_reply)
  File "D:\6.IDE\Miniconda\lib\site-packages\nbclient\client.py", line 918, in _check_raise_for_error
    raise CellExecutionError.from_cell_and_msg(cell, exec_reply_content)
nbclient.exceptions.CellExecutionError: An error occurred while executing the following cell:
------------------
import pandas as pd
import numpy as np
import matplotlib.pyplot as plt
import matplotlib
import seaborn as sns
from mpl_toolkits.axes_grid1.inset_locator import inset_axes

from tqdm import tqdm
import akshare as ak
import datetime
from multiprocessing import Pool
from sklearn.metrics import confusion_matrix
------------------


[1;31m---------------------------------------------------------------------------[0m
[1;31mModuleNotFoundError[0m                       Traceback (most recent call last)
Cell [1;32mIn[1], line 9[0m
[0;32m      6[0m [38;5;28;01mfrom[39;00m[38;5;250m [39m[38;5;21;01mmpl_toolkits[39;00m[38;5;21;01m.[39;00m[38;5;21;01maxes_grid1[39;00m[38;5;21;01m.[39;00m[38;5;21;01minset_locator[39;00m[38;5;250m [39m[38;5;28;01mimport[39;00m inset_axes
[0;32m      8[0m [38;5;28;01mfrom[39;00m[38;5;250m [39m[38;5;21;01mtqdm[39;00m[38;5;250m [39m[38;5;28;01mimport[39;00m tqdm
[1;32m----> 9[0m [38;5;28;01mimport[39;00m[38;5;250m [39m[38;5;21;01makshare[39;00m[38;5;250m [39m[38;5;28;01mas[39;00m[38;5;250m [39m[38;5;21;01mak[39;00m
[0;32m     10[0m [38;5;28;01mimport[39;00m[38;5;250m [39m[38;5;21;01mdatetime[39;00m
[0;32m     11[0m [38;5;28;01mfrom[39;00m[38;5;250m [39m[38;5;21;01mmultiprocessing[39;00m[38;5;250m [39m[38;5;28;01mimport[39;00m Pool

[1;31mModuleNotFoundError[0m: No module named 'akshare'

